71 [2352] INFO perfrun.launcher <> - Launcher main begin
76 [2352] INFO perfrun.launcher <> - MessageCatalogInit finished
77 [2352] INFO perfrun.launcher <> - Launcher instance created
77 [2352] INFO perfrun.launcher <> - argc = 7; cmdline = C:\Program Files (x86)\Intel\oneAPI\vtune\latest\bin64\amplxe-runss.exe --ui-output-format xml --ui-output-fd 896 --option-file C:\Users\monster\CLionProjects\HE_Feasibility_SEAL\r001hs\config\runss.options 
135 [2352] INFO perfrun.launcher <> - New signal handler callback was added
180 [2352] INFO perfrun.launcher <> - create msngr2::ICliToolContext
181 [2352] INFO perfrun.launcher <> - create file finder object
181 [2352] INFO perfrun.launcher <> - create a result directory: pattern = C:\Users\monster\CLionProjects\HE_Feasibility_SEAL\r001hs pid = 4294967295
184 [2352] INFO perfrun.launcher <> - create data directory = C:\Users\monster\CLionProjects\HE_Feasibility_SEAL\r001hs\data.0
185 [2352] INFO perfrun.launcher <> - Creating the master collection flag
193 [2352] INFO perfrun.launcher <> - Done creating the master collection flag
193 [11896] INFO perfrun.launcher <> - plugin [remoteplug] was disabled because it doesn't support the given collection type.
194 [11896] INFO perfrun.sdk <> - Allocating TMU :C:\Users\monster\CLionProjects\HE_Feasibility_SEAL\r001hs\data.0\systemcollector-10056-DESKTOP-98VBEL8.sc
195 [11896] INFO perfrun.launcher <> - plugin [] was disabled because it doesn't support the given collection type.
198 [11896] INFO perfrun.launcher <> - plugin [] was disabled because it doesn't support the given collection type.
198 [11896] INFO perfrun.launcher <> - plugin [gpu] was disabled because it doesn't support the given collection type.
198 [11896] INFO perfrun.launcher <> - plugin [etw.kernel] was disabled because it doesn't support the given collection type.
198 [11896] INFO perfrun.launcher <> - plugin [etw.dx] was disabled because it doesn't support the given collection type.
198 [11896] INFO perfrun.launcher <> - plugin [etw.wsa] was disabled because it doesn't support the given collection type.
198 [11896] INFO perfrun.mrte <> - system-wide mode is 0
198 [11896] INFO perfrun.mrte <> - Getting  mrte profiling environment ...
232 [11896] INFO perfrun.mrte <> - INTEL_MRTE_DATA_DIR=C:\Users\monster\CLionProjects\HE_Feasibility_SEAL\r001hs\data.0
232 [11896] INFO perfrun.mrte <> - INTEL_MRTE_HOST_NAME=DESKTOP-98VBEL8
232 [11896] INFO perfrun.mrte <> - JAVA_TOOL_OPTIONS=-agentlib:amplxe_tpssmrte_javaprof_1.0
232 [11896] INFO perfrun.mrte <> - PATH=C:\Program Files (x86)\Intel\oneAPI\vtune\latest\bin32\runtime;C:\Program Files (x86)\Intel\oneAPI\vtune\latest\bin64\runtime;C:\Program Files\Common Files\Oracle\Java\javapath;C:\Program Files (x86)\Common Files\Oracle\Java\javapath;C:\WINDOWS\system32;C:\WINDOWS;C:\WINDOWS\System32\Wbem;C:\WINDOWS\System32\WindowsPowerShell\v1.0\;C:\WINDOWS\System32\OpenSSH\;C:\Program Files\Git\cmd;C:\Program Files\Java\jdk-17.0.1\bin;C:\MinGW\bin;C:\Program Files\Java\apache-maven-3.8.4-bin\apache-maven-3.8.4\bin;C:\Program Files\Calibre2\;C:\Program Files (x86)\Vim\vim82;C:\Program Files\CMake\bin;C:\vcpkg\packages\protobuf_x64-windows\tools\protobuf;C:\vcpkg\packages\grpc_x64-windows\tools\grpc;C:\vcpkg;C:\Program Files\Docker\Docker\resources\bin;C:\Program Files\PowerShell\7\;C:\Program Files\nodejs\;C:\ProgramData\chocolatey\bin;C:\mongosh-1.6.2-win32-x64\bin;C:\Python311\Scripts\;C:\Python311\;C:\Users\monster\AppData\Local\Programs\Python\Python311\Scripts\;C:\Users\monster\AppData\Local\Programs\Python\Python311\;C:\Users\monster\AppData\Local\Microsoft\WindowsApps;C:\Program Files\JetBrains\IntelliJ IDEA Community Edition 2021.3\bin;C:\Users\monster\AppData\Local\Programs\Microsoft VS Code\bin;C:\Program Files\JetBrains\IntelliJ IDEA 2021.3.3\bin;C:\Program Files\JetBrains\CLion 2022.2\bin;C:\Users\monster\AppData\Roaming\npm
232 [11896] INFO perfrun.mrte <> - COR_ENABLE_PROFILING=1
232 [11896] INFO perfrun.mrte <> - COR_PROFILER={AA5E4821-E3B1-479c-B7FF-5AD047D22CED}
232 [11896] INFO perfrun.mrte <> - COMPLUS_ProfAPI_ProfilerCompatibilitySetting=EnableV2Profiler
232 [11896] INFO perfrun.mrte <> - CORECLR_ENABLE_PROFILING=1
232 [11896] INFO perfrun.mrte <> - CORECLR_PROFILER={AA5E4821-E3B1-479c-B7FF-5AD047D22CED}
232 [11896] INFO perfrun.mrte <> - CORECLR_PROFILER_PATH=C:\Program Files (x86)\Intel\oneAPI\vtune\latest\bin64/amplxe_samplingmrte_clrprof_1.0.dll
232 [11896] INFO perfrun.mrte <> - INTEL_MRTE_PROFILER_MODE=mixed
232 [11896] INFO perfrun.mrte <> - Data directory: C:\Users\monster\CLionProjects\HE_Feasibility_SEAL\r001hs\data.0
232 [11896] INFO perfrun.mrte <> - Mrte plugin is initialized
232 [11896] INFO perfrun.launcher <> - plugin [cuscol] was disabled because it doesn't support the given collection type.
232 [11896] INFO perfrun.launcher <> - plugin [stdsrc] was disabled because it doesn't support the given collection type.
232 [11896] INFO perfrun.launcher <> - plugin [sep] was disabled because it doesn't support the given collection type.
232 [11896] INFO perfrun.launcher <> - plugin [vtsspp] was disabled because it doesn't support the given collection type.
232 [11896] INFO perfrun.launcher <> - plugin [] was disabled because it doesn't support the given collection type.
232 [11896] INFO perfrun.launcher <> - plugin [aoclprofile] was disabled because it doesn't support the given collection type.
232 [11896] INFO perfrun.tpss <> - initialize tpss controller
232 [11896] INFO perfrun.tpss <> - configure collection mode: value = cpu:counters:nostack
232 [11896] INFO perfrun.tpss <> - configure collection mode: value = cpu:stack
232 [11896] INFO perfrun.tpss <> - default obj-size-min=1024
232 [11896] INFO perfrun.tpss <> - default hash-table-size=0
232 [11896] INFO perfrun.launcher <> - plugin [] was disabled because it doesn't support the given collection type.
232 [11896] INFO perfrun.launcher <> - plugin [] was disabled because it doesn't support the given collection type.
232 [11896] INFO perfrun.launcher <> - plugin [] was disabled because it doesn't support the given collection type.
233 [11896] INFO perfrun.launcher <> - plugin [] was disabled because it doesn't support the given collection type.
233 [11896] INFO perfrun.launcher <> - plugin [power] was disabled because it doesn't support the given collection type.
233 [11896] INFO perfrun.launcher <> - plugin [hwloc] was disabled because it doesn't support the given collection type.
233 [11896] INFO perfrun.launcher <> - plugin [ipmwatch] was disabled because it doesn't support the given collection type.
233 [11896] INFO perfrun.launcher <> - plugin [os_counters] was disabled because it doesn't support the given collection type.
233 [11896] INFO perfrun.launcher <> - plugin [l0_metrics] was disabled because it doesn't support the given collection type.
233 [2352] INFO perfrun.launcher <> - set environment variable: PATH = C:\Program Files (x86)\Intel\oneAPI\vtune\latest\bin32\runtime;C:\Program Files (x86)\Intel\oneAPI\vtune\latest\bin64\runtime;C:\Program Files\Common Files\Oracle\Java\javapath;C:\Program Files (x86)\Common Files\Oracle\Java\javapath;C:\WINDOWS\system32;C:\WINDOWS;C:\WINDOWS\System32\Wbem;C:\WINDOWS\System32\WindowsPowerShell\v1.0\;C:\WINDOWS\System32\OpenSSH\;C:\Program Files\Git\cmd;C:\Program Files\Java\jdk-17.0.1\bin;C:\MinGW\bin;C:\Program Files\Java\apache-maven-3.8.4-bin\apache-maven-3.8.4\bin;C:\Program Files\Calibre2\;C:\Program Files (x86)\Vim\vim82;C:\Program Files\CMake\bin;C:\vcpkg\packages\protobuf_x64-windows\tools\protobuf;C:\vcpkg\packages\grpc_x64-windows\tools\grpc;C:\vcpkg;C:\Program Files\Docker\Docker\resources\bin;C:\Program Files\PowerShell\7\;C:\Program Files\nodejs\;C:\ProgramData\chocolatey\bin;C:\mongosh-1.6.2-win32-x64\bin;C:\Python311\Scripts\;C:\Python311\;C:\Users\monster\AppData\Local\Programs\Python\Python311\Scripts\;C:\Users\monster\AppData\Local\Programs\Python\Python311\;C:\Users\monster\AppData\Local\Microsoft\WindowsApps;C:\Program Files\JetBrains\IntelliJ IDEA Community Edition 2021.3\bin;C:\Users\monster\AppData\Local\Programs\Microsoft VS Code\bin;C:\Program Files\JetBrains\IntelliJ IDEA 2021.3.3\bin;C:\Program Files\JetBrains\CLion 2022.2\bin;C:\Users\monster\AppData\Roaming\npm
233 [2352] INFO perfrun.launcher <> - set environment variable: INTEL_LIBITTNOTIFY32 = C:\Program Files (x86)\Intel\oneAPI\vtune\latest\bin32\runtime\ittnotify_collector.dll
234 [2352] INFO perfrun.launcher <> - set environment variable: INTEL_LIBITTNOTIFY64 = C:\Program Files (x86)\Intel\oneAPI\vtune\latest\bin64\runtime\ittnotify_collector.dll
234 [2352] INFO perfrun.launcher <> - set environment variable: INTEL_ITTNOTIFY_GROUPS = 
234 [2352] INFO perfrun.launcher <> - set environment variable: INTEL_JIT_PROFILER32 = C:\Program Files (x86)\Intel\oneAPI\vtune\latest\bin32\runtime\ittnotify_collector.dll
235 [2352] INFO perfrun.launcher <> - set environment variable: INTEL_JIT_PROFILER64 = C:\Program Files (x86)\Intel\oneAPI\vtune\latest\bin64\runtime\ittnotify_collector.dll
235 [2352] INFO perfrun.launcher <> - set environment variable: OMP_TOOL_LIBRARIES = C:\Program Files (x86)\Intel\oneAPI\vtune\latest\bin32\runtime\ittnotify_collector.dll;C:\Program Files (x86)\Intel\oneAPI\vtune\latest\bin64\runtime\ittnotify_collector.dll
235 [2352] INFO perfrun.launcher <> - set environment variable: ENABLE_JITPROFILING = 1
236 [2352] INFO perfrun.launcher <> - set environment variable: CL_CONFIG_USE_VTUNE = True
236 [2352] INFO perfrun.launcher <> - set environment variable: KMP_FORKJOIN_FRAMES = 0
236 [2352] INFO perfrun.launcher <> - set environment variable: KMP_FORKJOIN_FRAMES_MODE = 0
236 [2352] INFO perfrun.launcher <> - set environment variable: OMP_TOOL = disabled
236 [2352] INFO perfrun.launcher <> - set environment variable: INTEL_MRTE_DATA_DIR = C:\Users\monster\CLionProjects\HE_Feasibility_SEAL\r001hs\data.0
236 [2352] INFO perfrun.launcher <> - set environment variable: INTEL_MRTE_HOST_NAME = DESKTOP-98VBEL8
236 [2352] INFO perfrun.launcher <> - set environment variable: JAVA_TOOL_OPTIONS = -agentlib:amplxe_tpssmrte_javaprof_1.0
236 [2352] INFO perfrun.launcher <> - set environment variable: PATH = C:\Program Files (x86)\Intel\oneAPI\vtune\latest\bin32\runtime;C:\Program Files (x86)\Intel\oneAPI\vtune\latest\bin64\runtime;C:\Program Files\Common Files\Oracle\Java\javapath;C:\Program Files (x86)\Common Files\Oracle\Java\javapath;C:\WINDOWS\system32;C:\WINDOWS;C:\WINDOWS\System32\Wbem;C:\WINDOWS\System32\WindowsPowerShell\v1.0\;C:\WINDOWS\System32\OpenSSH\;C:\Program Files\Git\cmd;C:\Program Files\Java\jdk-17.0.1\bin;C:\MinGW\bin;C:\Program Files\Java\apache-maven-3.8.4-bin\apache-maven-3.8.4\bin;C:\Program Files\Calibre2\;C:\Program Files (x86)\Vim\vim82;C:\Program Files\CMake\bin;C:\vcpkg\packages\protobuf_x64-windows\tools\protobuf;C:\vcpkg\packages\grpc_x64-windows\tools\grpc;C:\vcpkg;C:\Program Files\Docker\Docker\resources\bin;C:\Program Files\PowerShell\7\;C:\Program Files\nodejs\;C:\ProgramData\chocolatey\bin;C:\mongosh-1.6.2-win32-x64\bin;C:\Python311\Scripts\;C:\Python311\;C:\Users\monster\AppData\Local\Programs\Python\Python311\Scripts\;C:\Users\monster\AppData\Local\Programs\Python\Python311\;C:\Users\monster\AppData\Local\Microsoft\WindowsApps;C:\Program Files\JetBrains\IntelliJ IDEA Community Edition 2021.3\bin;C:\Users\monster\AppData\Local\Programs\Microsoft VS Code\bin;C:\Program Files\JetBrains\IntelliJ IDEA 2021.3.3\bin;C:\Program Files\JetBrains\CLion 2022.2\bin;C:\Users\monster\AppData\Roaming\npm
236 [2352] INFO perfrun.launcher <> - set environment variable: COR_ENABLE_PROFILING = 1
236 [2352] INFO perfrun.launcher <> - set environment variable: COR_PROFILER = {AA5E4821-E3B1-479c-B7FF-5AD047D22CED}
236 [2352] INFO perfrun.launcher <> - set environment variable: COMPLUS_ProfAPI_ProfilerCompatibilitySetting = EnableV2Profiler
236 [2352] INFO perfrun.launcher <> - set environment variable: CORECLR_ENABLE_PROFILING = 1
236 [2352] INFO perfrun.launcher <> - set environment variable: CORECLR_PROFILER = {AA5E4821-E3B1-479c-B7FF-5AD047D22CED}
236 [2352] INFO perfrun.launcher <> - set environment variable: CORECLR_PROFILER_PATH = C:\Program Files (x86)\Intel\oneAPI\vtune\latest\bin64/amplxe_samplingmrte_clrprof_1.0.dll
237 [2352] INFO perfrun.launcher <> - set environment variable: INTEL_MRTE_PROFILER_MODE = mixed
237 [2352] INFO perfrun.launcher <> - RpcServer: run RPC server to handle requests
242 [2352] INFO perfrun.sdk <> - IProcessUtil: the given executable 'C:\Users\monster\CLionProjects\HE_Feasibility_SEAL\cmake-build-relwithdebinfo\src\secret\mobility_provider\secretMobilityProvider' is valid.
242 [2352] INFO perfrun.launcher <> - Launcher: command line to start before modification = C:\Users\monster\CLionProjects\HE_Feasibility_SEAL\cmake-build-relwithdebinfo\src\secret\mobility_provider\secretMobilityProvider --st 2 --ee True
244 [2352] INFO perfrun.launcher <> - Launcher: command line to start after modification = C:\Program Files (x86)\Intel\oneAPI\vtune\2023.0.0\bin64\pin.exe -error_file C:\Users\monster\CLionProjects\HE_Feasibility_SEAL\r001hs\data.0\pinerr.tpsslog -detach_reattach -probe -follow_execv -p32 C:\Program Files (x86)\Intel\oneAPI\vtune\latest\bin32\pin.exe -p64 C:\Program Files (x86)\Intel\oneAPI\vtune\latest\bin64\pin.exe -t64 C:\Program Files (x86)\Intel\oneAPI\vtune\latest\bin64\tpsstool.dll -t C:\Program Files (x86)\Intel\oneAPI\vtune\latest\bin32\tpsstool.dll -server_name tpss_ipc.10056 -prd_dir C:\Program Files (x86)\Intel\oneAPI\vtune\2023.0.0 -- C:\Users\monster\CLionProjects\HE_Feasibility_SEAL\cmake-build-relwithdebinfo\src\secret\mobility_provider\secretMobilityProvider --st 2 --ee True
245 [2352] INFO perfrun.launcher <> - ProcessCreator object was created
248 [2352] INFO perfrun.launcher <> - Launcher: the process was started in suspend mode
248 [11896] INFO perfrun.itt <> - start itt controller for pid #13840
250 [11896] INFO perfrun.sdk <> - runCmd: "C:\Program Files (x86)\Intel\oneAPI\vtune\latest\bin64\emon.exe" -M
254 [11896] INFO perfrun.sdk <> - runCmd started PID 10712
306 [11896] INFO perfrun.sdk <> - runCmd: "C:\Program Files (x86)\Intel\oneAPI\vtune\latest\bin64\emon.exe" -v
311 [11896] INFO perfrun.sdk <> - runCmd started PID 10580
379 [11896] INFO perfrun.sdk <> - runCmd: "C:\Program Files (x86)\Intel\oneAPI\vtune\latest\bin64\sep.exe" -dry-run -ec CPU_CLK_UNHALTED.THREAD,CPU_CLK_UNHALTED.REF_TSC:sample:sa=2800000,INST_RETIRED.ANY:sample:sa=2800000,CPU_CLK_UNHALTED.DISTRIBUTED,FP_ARITH_INST_RETIRED.SCALAR_SINGLE,FP_ARITH_INST_RETIRED.128B_PACKED_SINGLE,FP_ARITH_INST_RETIRED.256B_PACKED_SINGLE,FP_ARITH_INST_RETIRED.SCALAR_DOUBLE,FP_ARITH_INST_RETIRED.128B_PACKED_DOUBLE,FP_ARITH_INST_RETIRED.256B_PACKED_DOUBLE,UOPS_EXECUTED.X87,UOPS_RETIRED.SLOTS:sample:sa=2000003,UOPS_EXECUTED.THREAD,FP_ARITH_INST_RETIRED.512B_PACKED_DOUBLE,FP_ARITH_INST_RETIRED.512B_PACKED_SINGLE,TOPDOWN.SLOTS:sample:sa=2000003 -experimental
383 [11896] INFO perfrun.sdk <> - runCmd started PID 356
468 [11896] INFO perfrun.sdk <> - runCmd: "C:\Program Files (x86)\Intel\oneAPI\vtune\latest\bin64\emon.exe" -u -t 0.050 -l0 -A -C CPU_CLK_UNHALTED.DISTRIBUTED,CPU_CLK_UNHALTED.REF_TSC,CPU_CLK_UNHALTED.THREAD,FP_ARITH_INST_RETIRED.128B_PACKED_DOUBLE,FP_ARITH_INST_RETIRED.128B_PACKED_SINGLE,FP_ARITH_INST_RETIRED.256B_PACKED_DOUBLE,FP_ARITH_INST_RETIRED.256B_PACKED_SINGLE,FP_ARITH_INST_RETIRED.512B_PACKED_DOUBLE,FP_ARITH_INST_RETIRED.512B_PACKED_SINGLE,FP_ARITH_INST_RETIRED.SCALAR_DOUBLE,FP_ARITH_INST_RETIRED.SCALAR_SINGLE,INST_RETIRED.ANY,TOPDOWN.SLOTS,UOPS_EXECUTED.THREAD,UOPS_EXECUTED.X87,UOPS_RETIRED.SLOTS -f C:\Users\monster\CLionProjects\HE_Feasibility_SEAL\r001hs\data.0\emon.0.emon -experimental
472 [11896] INFO perfrun.sdk <> - runCmd started PID 1480
472 [11896] INFO perfrun.emon <> - Waiting trace file creation: C:\Users\monster\CLionProjects\HE_Feasibility_SEAL\r001hs\data.0\emon.0.emon
673 [11896] INFO perfrun.emon <> - trace file was found
673 [11896] INFO perfrun.tpss <> - start tpss controller for pid #13840
737 [2352] INFO perfrun.launcher <> - Launcher: all plugins were started
737 [2352] INFO perfrun.launcher <> - DirectoryMonitor object was created
737 [2352] INFO perfrun.launcher <> - DirectoryMonitor: a callback was added
737 [2352] INFO perfrun.launcher <> - DirectoryMonitor was started with pingTime = 1000
737 [2352] INFO perfrun.launcher <> - DeadlineTimer is going to be constructed
737 [2352] INFO perfrun.launcher <> - DeadlineTimer: a callback was added
745 [2352] INFO perfrun.launcher <> - Launcher: resume the profiled application and  wait its termination or stop command
425195 [11632] INFO perfrun.launcher <> - Stopping collection by RPC request
425247 [11896] INFO perfrun.itt <> - detach itt controller
425247 [11896] INFO perfrun.itt <> - detach itt controller done
425247 [11896] INFO perfrun.sdk <> - runCmd: "C:\Program Files (x86)\Intel\oneAPI\vtune\latest\bin64\emon.exe" -stop
425254 [11896] INFO perfrun.sdk <> - runCmd started PID 10420
425793 [11896] WARN perfrun.sdk <> - Unexpected exit status - 59, at file: C:\BB\ANphep2w6r\b\tmp2iy5aj\vcs\perfrun1\sdk\src\utils_win.cpp:541
425793 [11896] INFO perfrun.emon <> - Error: Unable to stop sampling. There is no emon collector session in progress.
Sampling session is already stopped

425793 [11896] ERROR perfrun.launcher <> - emon can not perform an operation and will be disabled., at file: C:\BB\ANphep2w6r\b\tmp2iy5aj\vcs\perfrun1\launcher\src\plugin_manager_impl.hpp:422
425793 [11896] INFO perfrun.tpss <> - stop tpss controller
425893 [11896] INFO perfrun.sdk <> - De-allocating TMU: C:\Users\monster\CLionProjects\HE_Feasibility_SEAL\r001hs\data.0\systemcollector-10056-DESKTOP-98VBEL8.sc
425916 [11896] INFO perfrun.system <> - closed the system trace file: C:\Users\monster\CLionProjects\HE_Feasibility_SEAL\r001hs\data.0\systemcollector-10056-DESKTOP-98VBEL8.sc
425999 [2352] WARN perfrun.sdk <> - Unexpected exit status - -1073741510, at file: C:\BB\ANphep2w6r\b\tmp2iy5aj\vcs\perfrun1\sdk\src\utils_win.cpp:541
426357 [11632] WARN perfrun.launcher <> - Cannot send KILL signal to the process with pid #13840 : Access is denied., at file: C:\BB\ANphep2w6r\b\tmp2iy5aj\vcs\perfrun1\launcher\src\signal_handler_win.cpp:73
426357 [2352] INFO perfrun.launcher <> - Launcher: the profiled application was terminated  with exit code = -1073741510
426359 [2352] INFO perfrun.launcher <> - Launcher: all plugins were stopped.
426359 [2352] INFO perfrun.launcher <> - DeadlineTimer is going to be destroyed
426359 [2352] INFO perfrun.launcher <> - DeadlineTimer was destroyed
426359 [2352] INFO perfrun.launcher <> - DirectoryMonitor object was destroyed
426359 [2352] WARN perfrun.launcher <> - Stop command is ignored because it is received when collection is already stopped, at file: C:\BB\ANphep2w6r\b\tmp2iy5aj\vcs\perfrun1\launcher\src\command_handler.cpp:226
426361 [2352] INFO perfrun.launcher <> - Application exit code: -1073741510
426361 [2352] INFO perfrun.launcher <> - Exit code: 4
